Arguments: 
  /nix/store/7q04aq0sq6im9a0k09gzfa1xfncc0xgm-nodejs-14.18.1/bin/node /Users/jani/.nix-profile/bin/yarn install

PATH: 
  /Users/jani/.nvm/versions/node/v16.13.1/bin:/Users/jani/.nix-profile/bin:/nix/var/nix/profiles/default/bin:/usr/local/bin:/usr/bin:/bin:/usr/sbin:/sbin:/Applications/Little Snitch.app/Contents/Components:/Library/Apple/usr/bin

Yarn version: 
  1.22.17

Node version: 
  14.18.1

Platform: 
  darwin arm64

Trace: 
  SyntaxError: /Users/jani/dev/eq/vanilla/sdk/packages/trade/package.json: Unexpected token } in JSON at position 990
      at JSON.parse (<anonymous>)
      at /nix/store/6z5lhqvmd6qwadn4dy0sbp08gdcnnrdy-yarn-1.22.17/libexec/yarn/lib/cli.js:1625:59
      at Generator.next (<anonymous>)
      at step (/nix/store/6z5lhqvmd6qwadn4dy0sbp08gdcnnrdy-yarn-1.22.17/libexec/yarn/lib/cli.js:310:30)
      at /nix/store/6z5lhqvmd6qwadn4dy0sbp08gdcnnrdy-yarn-1.22.17/libexec/yarn/lib/cli.js:321:13

npm manifest: 
  {
    "name": "@vanilladefi/sdk",
    "version": "2.1.0",
    "description": "Vanilla SDK Monorepo Consisting of Trade & Stake SDKs",
    "main": "index.ts",
    "repository": "git@github.com:vanilladefi/sdk.git",
    "author": "Equilibrium",
    "license": "MIT",
    "dependencies": {
      "@vanilladefi/core-sdk": "./packages/core",
      "@vanilladefi/stake-sdk": "./packages/stake",
      "@vanilladefi/trade-sdk": "./packages/trade",
      "lerna": "^4.0.0"
    },
    "devDependencies": {
      "@types/node": "^17.0.8",
      "ts-prune": "^0.10.2",
      "typescript": "^4.5.4",
      "@types/jest": "^27.4.0",
      "@typescript-eslint/eslint-plugin": "^5.4.0",
      "@typescript-eslint/parser": "^5.4.0",
      "dotenv": "^10.0.0",
      "eslint": "^8.3.0",
      "eslint-config-prettier": "^8.3.0",
      "eslint-import-resolver-typescript": "^2.5.0",
      "eslint-plugin-import": "^2.25.3",
      "jest": "^27.2.5",
      "prettier": "^2.4.1",
      "ts-jest": "^27.0.5",
      "typedoc": "^0.22.7"
    }
  }

yarn manifest: 
  No manifest

Lockfile: 
  No lockfile
